<html>
<head>
<title>TestNG:  ArraySet</title>
<link href="../testng.css" rel="stylesheet" type="text/css" />
<link href="../my-testng.css" rel="stylesheet" type="text/css" />

<style type="text/css">
.log { display: none;} 
.stack-trace { display: none;} 
</style>
<script type="text/javascript">
<!--
function flip(e) {
  current = e.style.display;
  if (current == 'block') {
    e.style.display = 'none';
    return 0;
  }
  else {
    e.style.display = 'block';
    return 1;
  }
}

function toggleBox(szDivId, elem, msg1, msg2)
{
  var res = -1;  if (document.getElementById) {
    res = flip(document.getElementById(szDivId));
  }
  else if (document.all) {
    // this is the way old msie versions work
    res = flip(document.all[szDivId]);
  }
  if(elem) {
    if(res == 0) elem.innerHTML = msg1; else elem.innerHTML = msg2;
  }

}

function toggleAllBoxes() {
  if (document.getElementsByTagName) {
    d = document.getElementsByTagName('div');
    for (i = 0; i < d.length; i++) {
      if (d[i].className == 'log') {
        flip(d[i]);
      }
    }
  }
}

// -->
</script>

</head>
<body>
<h2 align='center'>ArraySet</h2><table border='1' align="center">
<tr>
<td>Tests passed/Failed/Skipped:</td><td>111/0/0</td>
</tr><tr>
<td>Started on:</td><td>Fri Sep 13 15:05:09 MDT 2019</td>
</tr>
<tr><td>Total time:</td><td>0 seconds (303 ms)</td>
</tr><tr>
<td>Included groups:</td><td></td>
</tr><tr>
<td>Excluded groups:</td><td></td>
</tr>
</table><p/>
<small><i>(Hover the method name to see the test class name)</i></small><p/>
<table width='100%' border='1' class='invocation-passed'>
<tr><td colspan='4' align='center'><b>PASSED TESTS</b></td></tr>
<tr><td><b>Test method</b></td>
<td width="30%"><b>Exception</b></td>
<td width="10%"><b>Time (seconds)</b></td>
<td><b>Instance</b></td>
</tr>
<tr>
<td title='TestSimpleSet_4.testAdd_A()'><b>testAdd_A</b><br>Test class: TestSimpleSet_4</td>
<td></td>
<td>0</td>
<td>TestSimpleSet_4@2638011</td></tr>
<tr>
<td title='TestSimpleSet_5.testAdd_A()'><b>testAdd_A</b><br>Test class: TestSimpleSet_5</td>
<td></td>
<td>0</td>
<td>TestSimpleSet_5@6ff29830</td></tr>
<tr>
<td title='TestSimpleSet_7.testAdd_A()'><b>testAdd_A</b><br>Test class: TestSimpleSet_7</td>
<td></td>
<td>0</td>
<td>TestSimpleSet_7@313b2ea6</td></tr>
<tr>
<td title='TestSimpleSet_6.testAdd_B()'><b>testAdd_B</b><br>Test class: TestSimpleSet_6</td>
<td></td>
<td>0</td>
<td>TestSimpleSet_6@6a2b953e</td></tr>
<tr>
<td title='TestSimpleSet_1.testAdd_element()'><b>testAdd_element</b><br>Test class: TestSimpleSet_1</td>
<td></td>
<td>0</td>
<td>TestSimpleSet_1@2898ac89</td></tr>
<tr>
<td title='TestSimpleSet_2.testAdd_element()'><b>testAdd_element</b><br>Test class: TestSimpleSet_2</td>
<td></td>
<td>0</td>
<td>TestSimpleSet_2@683dbc2c</td></tr>
<tr>
<td title='TestSimpleSet_3.testAdd_element()'><b>testAdd_element</b><br>Test class: TestSimpleSet_3</td>
<td></td>
<td>0</td>
<td>TestSimpleSet_3@68267da0</td></tr>
<tr>
<td title='TestSimpleSet_4.testAdd_element()'><b>testAdd_element</b><br>Test class: TestSimpleSet_4</td>
<td></td>
<td>0</td>
<td>TestSimpleSet_4@2638011</td></tr>
<tr>
<td title='TestSimpleSet_5.testAdd_element()'><b>testAdd_element</b><br>Test class: TestSimpleSet_5</td>
<td></td>
<td>0</td>
<td>TestSimpleSet_5@6ff29830</td></tr>
<tr>
<td title='TestSimpleSet_6.testAdd_element()'><b>testAdd_element</b><br>Test class: TestSimpleSet_6</td>
<td></td>
<td>0</td>
<td>TestSimpleSet_6@6a2b953e</td></tr>
<tr>
<td title='TestSimpleSet_7.testAdd_element()'><b>testAdd_element</b><br>Test class: TestSimpleSet_7</td>
<td></td>
<td>0</td>
<td>TestSimpleSet_7@313b2ea6</td></tr>
<tr>
<td title='TestSimpleSet_8.testAdd_element()'><b>testAdd_element</b><br>Test class: TestSimpleSet_8</td>
<td></td>
<td>0</td>
<td>TestSimpleSet_8@2f465398</td></tr>
<tr>
<td title='TestSimpleSet_9.testAdd_element()'><b>testAdd_element</b><br>Test class: TestSimpleSet_9</td>
<td></td>
<td>0</td>
<td>TestSimpleSet_9@548e6d58</td></tr>
<tr>
<td title='TestSimpleSet_10.testAdd_element()'><b>testAdd_element</b><br>Test class: TestSimpleSet_10</td>
<td></td>
<td>0</td>
<td>TestSimpleSet_10@623a8092</td></tr>
<tr>
<td title='TestSimpleSet_11.testAdd_element()'><b>testAdd_element</b><br>Test class: TestSimpleSet_11</td>
<td></td>
<td>0</td>
<td>TestSimpleSet_11@a1cdc6d</td></tr>
<tr>
<td title='TestSimpleSet_3.testAdd_validElement()'><b>testAdd_validElement</b><br>Test class: TestSimpleSet_3<br>Parameters: A</td>
<td></td>
<td>0</td>
<td>TestSimpleSet_3@68267da0</td></tr>
<tr>
<td title='TestSimpleSet_3.testAdd_validElement()'><b>testAdd_validElement</b><br>Test class: TestSimpleSet_3<br>Parameters: B</td>
<td></td>
<td>0</td>
<td>TestSimpleSet_3@68267da0</td></tr>
<tr>
<td title='TestSimpleSet_8.testAdd_validElement()'><b>testAdd_validElement</b><br>Test class: TestSimpleSet_8<br>Parameters: A</td>
<td></td>
<td>0</td>
<td>TestSimpleSet_8@2f465398</td></tr>
<tr>
<td title='TestSimpleSet_8.testAdd_validElement()'><b>testAdd_validElement</b><br>Test class: TestSimpleSet_8<br>Parameters: B</td>
<td></td>
<td>0</td>
<td>TestSimpleSet_8@2f465398</td></tr>
<tr>
<td title='TestSimpleSet_8.testAdd_validElement()'><b>testAdd_validElement</b><br>Test class: TestSimpleSet_8<br>Parameters: C</td>
<td></td>
<td>0</td>
<td>TestSimpleSet_8@2f465398</td></tr>
<tr>
<td title='TestSimpleSet_9.testAdd_validElement()'><b>testAdd_validElement</b><br>Test class: TestSimpleSet_9<br>Parameters: B</td>
<td></td>
<td>0</td>
<td>TestSimpleSet_9@548e6d58</td></tr>
<tr>
<td title='TestSimpleSet_9.testAdd_validElement()'><b>testAdd_validElement</b><br>Test class: TestSimpleSet_9<br>Parameters: C</td>
<td></td>
<td>0</td>
<td>TestSimpleSet_9@548e6d58</td></tr>
<tr>
<td title='TestSimpleSet_10.testAdd_validElement()'><b>testAdd_validElement</b><br>Test class: TestSimpleSet_10<br>Parameters: A</td>
<td></td>
<td>0</td>
<td>TestSimpleSet_10@623a8092</td></tr>
<tr>
<td title='TestSimpleSet_10.testAdd_validElement()'><b>testAdd_validElement</b><br>Test class: TestSimpleSet_10<br>Parameters: C</td>
<td></td>
<td>0</td>
<td>TestSimpleSet_10@623a8092</td></tr>
<tr>
<td title='TestSimpleSet_11.testAdd_validElement()'><b>testAdd_validElement</b><br>Test class: TestSimpleSet_11<br>Parameters: A</td>
<td></td>
<td>0</td>
<td>TestSimpleSet_11@a1cdc6d</td></tr>
<tr>
<td title='TestSimpleSet_11.testAdd_validElement()'><b>testAdd_validElement</b><br>Test class: TestSimpleSet_11<br>Parameters: B</td>
<td></td>
<td>0</td>
<td>TestSimpleSet_11@a1cdc6d</td></tr>
<tr>
<td title='TestSimpleSet_4.testContains_A()'><b>testContains_A</b><br>Test class: TestSimpleSet_4</td>
<td></td>
<td>0</td>
<td>TestSimpleSet_4@2638011</td></tr>
<tr>
<td title='TestSimpleSet_5.testContains_A()'><b>testContains_A</b><br>Test class: TestSimpleSet_5</td>
<td></td>
<td>0</td>
<td>TestSimpleSet_5@6ff29830</td></tr>
<tr>
<td title='TestSimpleSet_7.testContains_A()'><b>testContains_A</b><br>Test class: TestSimpleSet_7</td>
<td></td>
<td>0</td>
<td>TestSimpleSet_7@313b2ea6</td></tr>
<tr>
<td title='TestSimpleSet_6.testContains_B()'><b>testContains_B</b><br>Test class: TestSimpleSet_6</td>
<td></td>
<td>0</td>
<td>TestSimpleSet_6@6a2b953e</td></tr>
<tr>
<td title='TestSimpleSet_1.testContains_invalidElement()'><b>testContains_invalidElement</b><br>Test class: TestSimpleSet_1</td>
<td></td>
<td>0</td>
<td>TestSimpleSet_1@2898ac89</td></tr>
<tr>
<td title='TestSimpleSet_2.testContains_invalidElement()'><b>testContains_invalidElement</b><br>Test class: TestSimpleSet_2</td>
<td></td>
<td>0</td>
<td>TestSimpleSet_2@683dbc2c</td></tr>
<tr>
<td title='TestSimpleSet_3.testContains_invalidElement()'><b>testContains_invalidElement</b><br>Test class: TestSimpleSet_3</td>
<td></td>
<td>0</td>
<td>TestSimpleSet_3@68267da0</td></tr>
<tr>
<td title='TestSimpleSet_4.testContains_invalidElement()'><b>testContains_invalidElement</b><br>Test class: TestSimpleSet_4</td>
<td></td>
<td>0</td>
<td>TestSimpleSet_4@2638011</td></tr>
<tr>
<td title='TestSimpleSet_5.testContains_invalidElement()'><b>testContains_invalidElement</b><br>Test class: TestSimpleSet_5</td>
<td></td>
<td>0</td>
<td>TestSimpleSet_5@6ff29830</td></tr>
<tr>
<td title='TestSimpleSet_6.testContains_invalidElement()'><b>testContains_invalidElement</b><br>Test class: TestSimpleSet_6</td>
<td></td>
<td>0</td>
<td>TestSimpleSet_6@6a2b953e</td></tr>
<tr>
<td title='TestSimpleSet_7.testContains_invalidElement()'><b>testContains_invalidElement</b><br>Test class: TestSimpleSet_7</td>
<td></td>
<td>0</td>
<td>TestSimpleSet_7@313b2ea6</td></tr>
<tr>
<td title='TestSimpleSet_8.testContains_invalidElement()'><b>testContains_invalidElement</b><br>Test class: TestSimpleSet_8</td>
<td></td>
<td>0</td>
<td>TestSimpleSet_8@2f465398</td></tr>
<tr>
<td title='TestSimpleSet_9.testContains_invalidElement()'><b>testContains_invalidElement</b><br>Test class: TestSimpleSet_9</td>
<td></td>
<td>0</td>
<td>TestSimpleSet_9@548e6d58</td></tr>
<tr>
<td title='TestSimpleSet_10.testContains_invalidElement()'><b>testContains_invalidElement</b><br>Test class: TestSimpleSet_10</td>
<td></td>
<td>0</td>
<td>TestSimpleSet_10@623a8092</td></tr>
<tr>
<td title='TestSimpleSet_11.testContains_invalidElement()'><b>testContains_invalidElement</b><br>Test class: TestSimpleSet_11</td>
<td></td>
<td>0</td>
<td>TestSimpleSet_11@a1cdc6d</td></tr>
<tr>
<td title='TestSimpleSet_3.testContains_validElement()'><b>testContains_validElement</b><br>Test class: TestSimpleSet_3<br>Parameters: A</td>
<td></td>
<td>0</td>
<td>TestSimpleSet_3@68267da0</td></tr>
<tr>
<td title='TestSimpleSet_3.testContains_validElement()'><b>testContains_validElement</b><br>Test class: TestSimpleSet_3<br>Parameters: B</td>
<td></td>
<td>0</td>
<td>TestSimpleSet_3@68267da0</td></tr>
<tr>
<td title='TestSimpleSet_8.testContains_validElement()'><b>testContains_validElement</b><br>Test class: TestSimpleSet_8<br>Parameters: A</td>
<td></td>
<td>0</td>
<td>TestSimpleSet_8@2f465398</td></tr>
<tr>
<td title='TestSimpleSet_8.testContains_validElement()'><b>testContains_validElement</b><br>Test class: TestSimpleSet_8<br>Parameters: B</td>
<td></td>
<td>0</td>
<td>TestSimpleSet_8@2f465398</td></tr>
<tr>
<td title='TestSimpleSet_8.testContains_validElement()'><b>testContains_validElement</b><br>Test class: TestSimpleSet_8<br>Parameters: C</td>
<td></td>
<td>0</td>
<td>TestSimpleSet_8@2f465398</td></tr>
<tr>
<td title='TestSimpleSet_9.testContains_validElement()'><b>testContains_validElement</b><br>Test class: TestSimpleSet_9<br>Parameters: B</td>
<td></td>
<td>0</td>
<td>TestSimpleSet_9@548e6d58</td></tr>
<tr>
<td title='TestSimpleSet_9.testContains_validElement()'><b>testContains_validElement</b><br>Test class: TestSimpleSet_9<br>Parameters: C</td>
<td></td>
<td>0</td>
<td>TestSimpleSet_9@548e6d58</td></tr>
<tr>
<td title='TestSimpleSet_10.testContains_validElement()'><b>testContains_validElement</b><br>Test class: TestSimpleSet_10<br>Parameters: A</td>
<td></td>
<td>0</td>
<td>TestSimpleSet_10@623a8092</td></tr>
<tr>
<td title='TestSimpleSet_10.testContains_validElement()'><b>testContains_validElement</b><br>Test class: TestSimpleSet_10<br>Parameters: C</td>
<td></td>
<td>0</td>
<td>TestSimpleSet_10@623a8092</td></tr>
<tr>
<td title='TestSimpleSet_11.testContains_validElement()'><b>testContains_validElement</b><br>Test class: TestSimpleSet_11<br>Parameters: A</td>
<td></td>
<td>0</td>
<td>TestSimpleSet_11@a1cdc6d</td></tr>
<tr>
<td title='TestSimpleSet_11.testContains_validElement()'><b>testContains_validElement</b><br>Test class: TestSimpleSet_11<br>Parameters: B</td>
<td></td>
<td>0</td>
<td>TestSimpleSet_11@a1cdc6d</td></tr>
<tr>
<td title='TestSimpleSet_1.testIsEmpty()'><b>testIsEmpty</b><br>Test class: TestSimpleSet_1</td>
<td></td>
<td>0</td>
<td>TestSimpleSet_1@2898ac89</td></tr>
<tr>
<td title='TestSimpleSet_2.testIsEmpty()'><b>testIsEmpty</b><br>Test class: TestSimpleSet_2</td>
<td></td>
<td>0</td>
<td>TestSimpleSet_2@683dbc2c</td></tr>
<tr>
<td title='TestSimpleSet_3.testIsEmpty()'><b>testIsEmpty</b><br>Test class: TestSimpleSet_3</td>
<td></td>
<td>0</td>
<td>TestSimpleSet_3@68267da0</td></tr>
<tr>
<td title='TestSimpleSet_4.testIsEmpty()'><b>testIsEmpty</b><br>Test class: TestSimpleSet_4</td>
<td></td>
<td>0</td>
<td>TestSimpleSet_4@2638011</td></tr>
<tr>
<td title='TestSimpleSet_5.testIsEmpty()'><b>testIsEmpty</b><br>Test class: TestSimpleSet_5</td>
<td></td>
<td>0</td>
<td>TestSimpleSet_5@6ff29830</td></tr>
<tr>
<td title='TestSimpleSet_6.testIsEmpty()'><b>testIsEmpty</b><br>Test class: TestSimpleSet_6</td>
<td></td>
<td>0</td>
<td>TestSimpleSet_6@6a2b953e</td></tr>
<tr>
<td title='TestSimpleSet_7.testIsEmpty()'><b>testIsEmpty</b><br>Test class: TestSimpleSet_7</td>
<td></td>
<td>0</td>
<td>TestSimpleSet_7@313b2ea6</td></tr>
<tr>
<td title='TestSimpleSet_8.testIsEmpty()'><b>testIsEmpty</b><br>Test class: TestSimpleSet_8</td>
<td></td>
<td>0</td>
<td>TestSimpleSet_8@2f465398</td></tr>
<tr>
<td title='TestSimpleSet_9.testIsEmpty()'><b>testIsEmpty</b><br>Test class: TestSimpleSet_9</td>
<td></td>
<td>0</td>
<td>TestSimpleSet_9@548e6d58</td></tr>
<tr>
<td title='TestSimpleSet_10.testIsEmpty()'><b>testIsEmpty</b><br>Test class: TestSimpleSet_10</td>
<td></td>
<td>0</td>
<td>TestSimpleSet_10@623a8092</td></tr>
<tr>
<td title='TestSimpleSet_11.testIsEmpty()'><b>testIsEmpty</b><br>Test class: TestSimpleSet_11</td>
<td></td>
<td>0</td>
<td>TestSimpleSet_11@a1cdc6d</td></tr>
<tr>
<td title='TestSimpleSet_4.testRemove_A()'><b>testRemove_A</b><br>Test class: TestSimpleSet_4</td>
<td></td>
<td>0</td>
<td>TestSimpleSet_4@2638011</td></tr>
<tr>
<td title='TestSimpleSet_5.testRemove_A()'><b>testRemove_A</b><br>Test class: TestSimpleSet_5</td>
<td></td>
<td>0</td>
<td>TestSimpleSet_5@6ff29830</td></tr>
<tr>
<td title='TestSimpleSet_7.testRemove_A()'><b>testRemove_A</b><br>Test class: TestSimpleSet_7</td>
<td></td>
<td>0</td>
<td>TestSimpleSet_7@313b2ea6</td></tr>
<tr>
<td title='TestSimpleSet_6.testRemove_B()'><b>testRemove_B</b><br>Test class: TestSimpleSet_6</td>
<td></td>
<td>0</td>
<td>TestSimpleSet_6@6a2b953e</td></tr>
<tr>
<td title='TestSimpleSet_1.testRemove_invalidElement()'><b>testRemove_invalidElement</b><br>Test class: TestSimpleSet_1</td>
<td><div><pre>java.util.NoSuchElementException: ArraySet
	at ArraySet.remove(ArraySet.java:82)
	at SetTestCase.remove(SetTestCase.java:37)
	at TestSimpleSet_1.testRemove_invalidElement(TestSimpleSet_1.java:90)
	at java.base/java.util.ArrayList.forEach(ArrayList.java:1378)
... Removed 27 stack frames</pre></div><a href='#' onClick='toggleBox("stack-trace1497018177", this, "Click to show all stack frames", "Click to hide stack frames")'>Click to show all stack frames</a>
<div class='stack-trace' id='stack-trace1497018177'><pre>java.util.NoSuchElementException: ArraySet
	at ArraySet.remove(ArraySet.java:82)
	at SetTestCase.remove(SetTestCase.java:37)
	at TestSimpleSet_1.testRemove_invalidElement(TestSimpleSet_1.java:90)
	at java.base/jdk.internal.reflect.NativeMethodAccessorImpl.invoke0(Native Method)
	at java.base/jdk.internal.reflect.NativeMethodAccessorImpl.invoke(NativeMethodAccessorImpl.java:62)
	at java.base/jdk.internal.reflect.DelegatingMethodAccessorImpl.invoke(DelegatingMethodAccessorImpl.java:43)
	at java.base/java.lang.reflect.Method.invoke(Method.java:564)
	at org.testng.internal.MethodInvocationHelper.invokeMethod(MethodInvocationHelper.java:133)
	at org.testng.internal.TestInvoker.invokeMethod(TestInvoker.java:584)
	at org.testng.internal.TestInvoker.invokeTestMethod(TestInvoker.java:172)
	at org.testng.internal.MethodRunner.runInSequence(MethodRunner.java:46)
	at org.testng.internal.TestInvoker$MethodInvocationAgent.invoke(TestInvoker.java:804)
	at org.testng.internal.TestInvoker.invokeTestMethods(TestInvoker.java:145)
	at org.testng.internal.TestMethodWorker.invokeTestMethods(TestMethodWorker.java:146)
	at org.testng.internal.TestMethodWorker.run(TestMethodWorker.java:128)
	at java.base/java.util.ArrayList.forEach(ArrayList.java:1378)
	at org.testng.TestRunner.privateRun(TestRunner.java:770)
	at org.testng.TestRunner.run(TestRunner.java:591)
	at org.testng.SuiteRunner.runTest(SuiteRunner.java:402)
	at org.testng.SuiteRunner.runSequentially(SuiteRunner.java:396)
	at org.testng.SuiteRunner.privateRun(SuiteRunner.java:355)
	at org.testng.SuiteRunner.run(SuiteRunner.java:304)
	at org.testng.SuiteRunnerWorker.runSuite(SuiteRunnerWorker.java:53)
	at org.testng.SuiteRunnerWorker.run(SuiteRunnerWorker.java:96)
	at org.testng.TestNG.runSuitesSequentially(TestNG.java:1180)
	at org.testng.TestNG.runSuitesLocally(TestNG.java:1102)
	at org.testng.TestNG.runSuites(TestNG.java:1032)
	at org.testng.TestNG.run(TestNG.java:1000)
	at org.testng.remote.AbstractRemoteTestNG.run(AbstractRemoteTestNG.java:115)
	at org.testng.remote.RemoteTestNG.initAndRun(RemoteTestNG.java:251)
	at org.testng.remote.RemoteTestNG.main(RemoteTestNG.java:77)
</pre></div></td>
<td>0</td>
<td>TestSimpleSet_1@2898ac89</td></tr>
<tr>
<td title='TestSimpleSet_2.testRemove_invalidElement()'><b>testRemove_invalidElement</b><br>Test class: TestSimpleSet_2</td>
<td><div><pre>java.util.NoSuchElementException: ArraySet
	at ArraySet.remove(ArraySet.java:82)
	at SetTestCase.remove(SetTestCase.java:37)
	at TestSimpleSet_2.testRemove_invalidElement(TestSimpleSet_2.java:95)
	at java.base/java.util.ArrayList.forEach(ArrayList.java:1378)
... Removed 27 stack frames</pre></div><a href='#' onClick='toggleBox("stack-trace501609049", this, "Click to show all stack frames", "Click to hide stack frames")'>Click to show all stack frames</a>
<div class='stack-trace' id='stack-trace501609049'><pre>java.util.NoSuchElementException: ArraySet
	at ArraySet.remove(ArraySet.java:82)
	at SetTestCase.remove(SetTestCase.java:37)
	at TestSimpleSet_2.testRemove_invalidElement(TestSimpleSet_2.java:95)
	at java.base/jdk.internal.reflect.NativeMethodAccessorImpl.invoke0(Native Method)
	at java.base/jdk.internal.reflect.NativeMethodAccessorImpl.invoke(NativeMethodAccessorImpl.java:62)
	at java.base/jdk.internal.reflect.DelegatingMethodAccessorImpl.invoke(DelegatingMethodAccessorImpl.java:43)
	at java.base/java.lang.reflect.Method.invoke(Method.java:564)
	at org.testng.internal.MethodInvocationHelper.invokeMethod(MethodInvocationHelper.java:133)
	at org.testng.internal.TestInvoker.invokeMethod(TestInvoker.java:584)
	at org.testng.internal.TestInvoker.invokeTestMethod(TestInvoker.java:172)
	at org.testng.internal.MethodRunner.runInSequence(MethodRunner.java:46)
	at org.testng.internal.TestInvoker$MethodInvocationAgent.invoke(TestInvoker.java:804)
	at org.testng.internal.TestInvoker.invokeTestMethods(TestInvoker.java:145)
	at org.testng.internal.TestMethodWorker.invokeTestMethods(TestMethodWorker.java:146)
	at org.testng.internal.TestMethodWorker.run(TestMethodWorker.java:128)
	at java.base/java.util.ArrayList.forEach(ArrayList.java:1378)
	at org.testng.TestRunner.privateRun(TestRunner.java:770)
	at org.testng.TestRunner.run(TestRunner.java:591)
	at org.testng.SuiteRunner.runTest(SuiteRunner.java:402)
	at org.testng.SuiteRunner.runSequentially(SuiteRunner.java:396)
	at org.testng.SuiteRunner.privateRun(SuiteRunner.java:355)
	at org.testng.SuiteRunner.run(SuiteRunner.java:304)
	at org.testng.SuiteRunnerWorker.runSuite(SuiteRunnerWorker.java:53)
	at org.testng.SuiteRunnerWorker.run(SuiteRunnerWorker.java:96)
	at org.testng.TestNG.runSuitesSequentially(TestNG.java:1180)
	at org.testng.TestNG.runSuitesLocally(TestNG.java:1102)
	at org.testng.TestNG.runSuites(TestNG.java:1032)
	at org.testng.TestNG.run(TestNG.java:1000)
	at org.testng.remote.AbstractRemoteTestNG.run(AbstractRemoteTestNG.java:115)
	at org.testng.remote.RemoteTestNG.initAndRun(RemoteTestNG.java:251)
	at org.testng.remote.RemoteTestNG.main(RemoteTestNG.java:77)
</pre></div></td>
<td>0</td>
<td>TestSimpleSet_2@683dbc2c</td></tr>
<tr>
<td title='TestSimpleSet_3.testRemove_invalidElement()'><b>testRemove_invalidElement</b><br>Test class: TestSimpleSet_3</td>
<td><div><pre>java.util.NoSuchElementException: ArraySet
	at ArraySet.remove(ArraySet.java:82)
	at SetTestCase.remove(SetTestCase.java:37)
	at TestSimpleSet_3.testRemove_invalidElement(TestSimpleSet_3.java:127)
	at java.base/java.util.ArrayList.forEach(ArrayList.java:1378)
... Removed 27 stack frames</pre></div><a href='#' onClick='toggleBox("stack-trace1387380406", this, "Click to show all stack frames", "Click to hide stack frames")'>Click to show all stack frames</a>
<div class='stack-trace' id='stack-trace1387380406'><pre>java.util.NoSuchElementException: ArraySet
	at ArraySet.remove(ArraySet.java:82)
	at SetTestCase.remove(SetTestCase.java:37)
	at TestSimpleSet_3.testRemove_invalidElement(TestSimpleSet_3.java:127)
	at java.base/jdk.internal.reflect.NativeMethodAccessorImpl.invoke0(Native Method)
	at java.base/jdk.internal.reflect.NativeMethodAccessorImpl.invoke(NativeMethodAccessorImpl.java:62)
	at java.base/jdk.internal.reflect.DelegatingMethodAccessorImpl.invoke(DelegatingMethodAccessorImpl.java:43)
	at java.base/java.lang.reflect.Method.invoke(Method.java:564)
	at org.testng.internal.MethodInvocationHelper.invokeMethod(MethodInvocationHelper.java:133)
	at org.testng.internal.TestInvoker.invokeMethod(TestInvoker.java:584)
	at org.testng.internal.TestInvoker.invokeTestMethod(TestInvoker.java:172)
	at org.testng.internal.MethodRunner.runInSequence(MethodRunner.java:46)
	at org.testng.internal.TestInvoker$MethodInvocationAgent.invoke(TestInvoker.java:804)
	at org.testng.internal.TestInvoker.invokeTestMethods(TestInvoker.java:145)
	at org.testng.internal.TestMethodWorker.invokeTestMethods(TestMethodWorker.java:146)
	at org.testng.internal.TestMethodWorker.run(TestMethodWorker.java:128)
	at java.base/java.util.ArrayList.forEach(ArrayList.java:1378)
	at org.testng.TestRunner.privateRun(TestRunner.java:770)
	at org.testng.TestRunner.run(TestRunner.java:591)
	at org.testng.SuiteRunner.runTest(SuiteRunner.java:402)
	at org.testng.SuiteRunner.runSequentially(SuiteRunner.java:396)
	at org.testng.SuiteRunner.privateRun(SuiteRunner.java:355)
	at org.testng.SuiteRunner.run(SuiteRunner.java:304)
	at org.testng.SuiteRunnerWorker.runSuite(SuiteRunnerWorker.java:53)
	at org.testng.SuiteRunnerWorker.run(SuiteRunnerWorker.java:96)
	at org.testng.TestNG.runSuitesSequentially(TestNG.java:1180)
	at org.testng.TestNG.runSuitesLocally(TestNG.java:1102)
	at org.testng.TestNG.runSuites(TestNG.java:1032)
	at org.testng.TestNG.run(TestNG.java:1000)
	at org.testng.remote.AbstractRemoteTestNG.run(AbstractRemoteTestNG.java:115)
	at org.testng.remote.RemoteTestNG.initAndRun(RemoteTestNG.java:251)
	at org.testng.remote.RemoteTestNG.main(RemoteTestNG.java:77)
</pre></div></td>
<td>0</td>
<td>TestSimpleSet_3@68267da0</td></tr>
<tr>
<td title='TestSimpleSet_4.testRemove_invalidElement()'><b>testRemove_invalidElement</b><br>Test class: TestSimpleSet_4</td>
<td><div><pre>java.util.NoSuchElementException: ArraySet
	at ArraySet.remove(ArraySet.java:82)
	at SetTestCase.remove(SetTestCase.java:37)
	at TestSimpleSet_4.testRemove_invalidElement(TestSimpleSet_4.java:123)
	at java.base/java.util.ArrayList.forEach(ArrayList.java:1378)
... Removed 27 stack frames</pre></div><a href='#' onClick='toggleBox("stack-trace1297502382", this, "Click to show all stack frames", "Click to hide stack frames")'>Click to show all stack frames</a>
<div class='stack-trace' id='stack-trace1297502382'><pre>java.util.NoSuchElementException: ArraySet
	at ArraySet.remove(ArraySet.java:82)
	at SetTestCase.remove(SetTestCase.java:37)
	at TestSimpleSet_4.testRemove_invalidElement(TestSimpleSet_4.java:123)
	at java.base/jdk.internal.reflect.NativeMethodAccessorImpl.invoke0(Native Method)
	at java.base/jdk.internal.reflect.NativeMethodAccessorImpl.invoke(NativeMethodAccessorImpl.java:62)
	at java.base/jdk.internal.reflect.DelegatingMethodAccessorImpl.invoke(DelegatingMethodAccessorImpl.java:43)
	at java.base/java.lang.reflect.Method.invoke(Method.java:564)
	at org.testng.internal.MethodInvocationHelper.invokeMethod(MethodInvocationHelper.java:133)
	at org.testng.internal.TestInvoker.invokeMethod(TestInvoker.java:584)
	at org.testng.internal.TestInvoker.invokeTestMethod(TestInvoker.java:172)
	at org.testng.internal.MethodRunner.runInSequence(MethodRunner.java:46)
	at org.testng.internal.TestInvoker$MethodInvocationAgent.invoke(TestInvoker.java:804)
	at org.testng.internal.TestInvoker.invokeTestMethods(TestInvoker.java:145)
	at org.testng.internal.TestMethodWorker.invokeTestMethods(TestMethodWorker.java:146)
	at org.testng.internal.TestMethodWorker.run(TestMethodWorker.java:128)
	at java.base/java.util.ArrayList.forEach(ArrayList.java:1378)
	at org.testng.TestRunner.privateRun(TestRunner.java:770)
	at org.testng.TestRunner.run(TestRunner.java:591)
	at org.testng.SuiteRunner.runTest(SuiteRunner.java:402)
	at org.testng.SuiteRunner.runSequentially(SuiteRunner.java:396)
	at org.testng.SuiteRunner.privateRun(SuiteRunner.java:355)
	at org.testng.SuiteRunner.run(SuiteRunner.java:304)
	at org.testng.SuiteRunnerWorker.runSuite(SuiteRunnerWorker.java:53)
	at org.testng.SuiteRunnerWorker.run(SuiteRunnerWorker.java:96)
	at org.testng.TestNG.runSuitesSequentially(TestNG.java:1180)
	at org.testng.TestNG.runSuitesLocally(TestNG.java:1102)
	at org.testng.TestNG.runSuites(TestNG.java:1032)
	at org.testng.TestNG.run(TestNG.java:1000)
	at org.testng.remote.AbstractRemoteTestNG.run(AbstractRemoteTestNG.java:115)
	at org.testng.remote.RemoteTestNG.initAndRun(RemoteTestNG.java:251)
	at org.testng.remote.RemoteTestNG.main(RemoteTestNG.java:77)
</pre></div></td>
<td>0</td>
<td>TestSimpleSet_4@2638011</td></tr>
<tr>
<td title='TestSimpleSet_5.testRemove_invalidElement()'><b>testRemove_invalidElement</b><br>Test class: TestSimpleSet_5</td>
<td><div><pre>java.util.NoSuchElementException: ArraySet
	at ArraySet.remove(ArraySet.java:82)
	at SetTestCase.remove(SetTestCase.java:37)
	at TestSimpleSet_5.testRemove_invalidElement(TestSimpleSet_5.java:124)
	at java.base/java.util.ArrayList.forEach(ArrayList.java:1378)
... Removed 27 stack frames</pre></div><a href='#' onClick='toggleBox("stack-trace2032079962", this, "Click to show all stack frames", "Click to hide stack frames")'>Click to show all stack frames</a>
<div class='stack-trace' id='stack-trace2032079962'><pre>java.util.NoSuchElementException: ArraySet
	at ArraySet.remove(ArraySet.java:82)
	at SetTestCase.remove(SetTestCase.java:37)
	at TestSimpleSet_5.testRemove_invalidElement(TestSimpleSet_5.java:124)
	at java.base/jdk.internal.reflect.NativeMethodAccessorImpl.invoke0(Native Method)
	at java.base/jdk.internal.reflect.NativeMethodAccessorImpl.invoke(NativeMethodAccessorImpl.java:62)
	at java.base/jdk.internal.reflect.DelegatingMethodAccessorImpl.invoke(DelegatingMethodAccessorImpl.java:43)
	at java.base/java.lang.reflect.Method.invoke(Method.java:564)
	at org.testng.internal.MethodInvocationHelper.invokeMethod(MethodInvocationHelper.java:133)
	at org.testng.internal.TestInvoker.invokeMethod(TestInvoker.java:584)
	at org.testng.internal.TestInvoker.invokeTestMethod(TestInvoker.java:172)
	at org.testng.internal.MethodRunner.runInSequence(MethodRunner.java:46)
	at org.testng.internal.TestInvoker$MethodInvocationAgent.invoke(TestInvoker.java:804)
	at org.testng.internal.TestInvoker.invokeTestMethods(TestInvoker.java:145)
	at org.testng.internal.TestMethodWorker.invokeTestMethods(TestMethodWorker.java:146)
	at org.testng.internal.TestMethodWorker.run(TestMethodWorker.java:128)
	at java.base/java.util.ArrayList.forEach(ArrayList.java:1378)
	at org.testng.TestRunner.privateRun(TestRunner.java:770)
	at org.testng.TestRunner.run(TestRunner.java:591)
	at org.testng.SuiteRunner.runTest(SuiteRunner.java:402)
	at org.testng.SuiteRunner.runSequentially(SuiteRunner.java:396)
	at org.testng.SuiteRunner.privateRun(SuiteRunner.java:355)
	at org.testng.SuiteRunner.run(SuiteRunner.java:304)
	at org.testng.SuiteRunnerWorker.runSuite(SuiteRunnerWorker.java:53)
	at org.testng.SuiteRunnerWorker.run(SuiteRunnerWorker.java:96)
	at org.testng.TestNG.runSuitesSequentially(TestNG.java:1180)
	at org.testng.TestNG.runSuitesLocally(TestNG.java:1102)
	at org.testng.TestNG.runSuites(TestNG.java:1032)
	at org.testng.TestNG.run(TestNG.java:1000)
	at org.testng.remote.AbstractRemoteTestNG.run(AbstractRemoteTestNG.java:115)
	at org.testng.remote.RemoteTestNG.initAndRun(RemoteTestNG.java:251)
	at org.testng.remote.RemoteTestNG.main(RemoteTestNG.java:77)
</pre></div></td>
<td>0</td>
<td>TestSimpleSet_5@6ff29830</td></tr>
<tr>
<td title='TestSimpleSet_6.testRemove_invalidElement()'><b>testRemove_invalidElement</b><br>Test class: TestSimpleSet_6</td>
<td><div><pre>java.util.NoSuchElementException: ArraySet
	at ArraySet.remove(ArraySet.java:82)
	at SetTestCase.remove(SetTestCase.java:37)
	at TestSimpleSet_6.testRemove_invalidElement(TestSimpleSet_6.java:126)
	at java.base/java.util.ArrayList.forEach(ArrayList.java:1378)
... Removed 27 stack frames</pre></div><a href='#' onClick='toggleBox("stack-trace1436633036", this, "Click to show all stack frames", "Click to hide stack frames")'>Click to show all stack frames</a>
<div class='stack-trace' id='stack-trace1436633036'><pre>java.util.NoSuchElementException: ArraySet
	at ArraySet.remove(ArraySet.java:82)
	at SetTestCase.remove(SetTestCase.java:37)
	at TestSimpleSet_6.testRemove_invalidElement(TestSimpleSet_6.java:126)
	at java.base/jdk.internal.reflect.NativeMethodAccessorImpl.invoke0(Native Method)
	at java.base/jdk.internal.reflect.NativeMethodAccessorImpl.invoke(NativeMethodAccessorImpl.java:62)
	at java.base/jdk.internal.reflect.DelegatingMethodAccessorImpl.invoke(DelegatingMethodAccessorImpl.java:43)
	at java.base/java.lang.reflect.Method.invoke(Method.java:564)
	at org.testng.internal.MethodInvocationHelper.invokeMethod(MethodInvocationHelper.java:133)
	at org.testng.internal.TestInvoker.invokeMethod(TestInvoker.java:584)
	at org.testng.internal.TestInvoker.invokeTestMethod(TestInvoker.java:172)
	at org.testng.internal.MethodRunner.runInSequence(MethodRunner.java:46)
	at org.testng.internal.TestInvoker$MethodInvocationAgent.invoke(TestInvoker.java:804)
	at org.testng.internal.TestInvoker.invokeTestMethods(TestInvoker.java:145)
	at org.testng.internal.TestMethodWorker.invokeTestMethods(TestMethodWorker.java:146)
	at org.testng.internal.TestMethodWorker.run(TestMethodWorker.java:128)
	at java.base/java.util.ArrayList.forEach(ArrayList.java:1378)
	at org.testng.TestRunner.privateRun(TestRunner.java:770)
	at org.testng.TestRunner.run(TestRunner.java:591)
	at org.testng.SuiteRunner.runTest(SuiteRunner.java:402)
	at org.testng.SuiteRunner.runSequentially(SuiteRunner.java:396)
	at org.testng.SuiteRunner.privateRun(SuiteRunner.java:355)
	at org.testng.SuiteRunner.run(SuiteRunner.java:304)
	at org.testng.SuiteRunnerWorker.runSuite(SuiteRunnerWorker.java:53)
	at org.testng.SuiteRunnerWorker.run(SuiteRunnerWorker.java:96)
	at org.testng.TestNG.runSuitesSequentially(TestNG.java:1180)
	at org.testng.TestNG.runSuitesLocally(TestNG.java:1102)
	at org.testng.TestNG.runSuites(TestNG.java:1032)
	at org.testng.TestNG.run(TestNG.java:1000)
	at org.testng.remote.AbstractRemoteTestNG.run(AbstractRemoteTestNG.java:115)
	at org.testng.remote.RemoteTestNG.initAndRun(RemoteTestNG.java:251)
	at org.testng.remote.RemoteTestNG.main(RemoteTestNG.java:77)
</pre></div></td>
<td>0</td>
<td>TestSimpleSet_6@6a2b953e</td></tr>
<tr>
<td title='TestSimpleSet_7.testRemove_invalidElement()'><b>testRemove_invalidElement</b><br>Test class: TestSimpleSet_7</td>
<td><div><pre>java.util.NoSuchElementException: ArraySet
	at ArraySet.remove(ArraySet.java:82)
	at SetTestCase.remove(SetTestCase.java:37)
	at TestSimpleSet_7.testRemove_invalidElement(TestSimpleSet_7.java:126)
	at java.base/java.util.ArrayList.forEach(ArrayList.java:1378)
... Removed 27 stack frames</pre></div><a href='#' onClick='toggleBox("stack-trace259564670", this, "Click to show all stack frames", "Click to hide stack frames")'>Click to show all stack frames</a>
<div class='stack-trace' id='stack-trace259564670'><pre>java.util.NoSuchElementException: ArraySet
	at ArraySet.remove(ArraySet.java:82)
	at SetTestCase.remove(SetTestCase.java:37)
	at TestSimpleSet_7.testRemove_invalidElement(TestSimpleSet_7.java:126)
	at java.base/jdk.internal.reflect.NativeMethodAccessorImpl.invoke0(Native Method)
	at java.base/jdk.internal.reflect.NativeMethodAccessorImpl.invoke(NativeMethodAccessorImpl.java:62)
	at java.base/jdk.internal.reflect.DelegatingMethodAccessorImpl.invoke(DelegatingMethodAccessorImpl.java:43)
	at java.base/java.lang.reflect.Method.invoke(Method.java:564)
	at org.testng.internal.MethodInvocationHelper.invokeMethod(MethodInvocationHelper.java:133)
	at org.testng.internal.TestInvoker.invokeMethod(TestInvoker.java:584)
	at org.testng.internal.TestInvoker.invokeTestMethod(TestInvoker.java:172)
	at org.testng.internal.MethodRunner.runInSequence(MethodRunner.java:46)
	at org.testng.internal.TestInvoker$MethodInvocationAgent.invoke(TestInvoker.java:804)
	at org.testng.internal.TestInvoker.invokeTestMethods(TestInvoker.java:145)
	at org.testng.internal.TestMethodWorker.invokeTestMethods(TestMethodWorker.java:146)
	at org.testng.internal.TestMethodWorker.run(TestMethodWorker.java:128)
	at java.base/java.util.ArrayList.forEach(ArrayList.java:1378)
	at org.testng.TestRunner.privateRun(TestRunner.java:770)
	at org.testng.TestRunner.run(TestRunner.java:591)
	at org.testng.SuiteRunner.runTest(SuiteRunner.java:402)
	at org.testng.SuiteRunner.runSequentially(SuiteRunner.java:396)
	at org.testng.SuiteRunner.privateRun(SuiteRunner.java:355)
	at org.testng.SuiteRunner.run(SuiteRunner.java:304)
	at org.testng.SuiteRunnerWorker.runSuite(SuiteRunnerWorker.java:53)
	at org.testng.SuiteRunnerWorker.run(SuiteRunnerWorker.java:96)
	at org.testng.TestNG.runSuitesSequentially(TestNG.java:1180)
	at org.testng.TestNG.runSuitesLocally(TestNG.java:1102)
	at org.testng.TestNG.runSuites(TestNG.java:1032)
	at org.testng.TestNG.run(TestNG.java:1000)
	at org.testng.remote.AbstractRemoteTestNG.run(AbstractRemoteTestNG.java:115)
	at org.testng.remote.RemoteTestNG.initAndRun(RemoteTestNG.java:251)
	at org.testng.remote.RemoteTestNG.main(RemoteTestNG.java:77)
</pre></div></td>
<td>0</td>
<td>TestSimpleSet_7@313b2ea6</td></tr>
<tr>
<td title='TestSimpleSet_8.testRemove_invalidElement()'><b>testRemove_invalidElement</b><br>Test class: TestSimpleSet_8</td>
<td><div><pre>java.util.NoSuchElementException: ArraySet
	at ArraySet.remove(ArraySet.java:82)
	at SetTestCase.remove(SetTestCase.java:37)
	at TestSimpleSet_8.testRemove_invalidElement(TestSimpleSet_8.java:128)
	at java.base/java.util.ArrayList.forEach(ArrayList.java:1378)
... Removed 27 stack frames</pre></div><a href='#' onClick='toggleBox("stack-trace1776374725", this, "Click to show all stack frames", "Click to hide stack frames")'>Click to show all stack frames</a>
<div class='stack-trace' id='stack-trace1776374725'><pre>java.util.NoSuchElementException: ArraySet
	at ArraySet.remove(ArraySet.java:82)
	at SetTestCase.remove(SetTestCase.java:37)
	at TestSimpleSet_8.testRemove_invalidElement(TestSimpleSet_8.java:128)
	at java.base/jdk.internal.reflect.NativeMethodAccessorImpl.invoke0(Native Method)
	at java.base/jdk.internal.reflect.NativeMethodAccessorImpl.invoke(NativeMethodAccessorImpl.java:62)
	at java.base/jdk.internal.reflect.DelegatingMethodAccessorImpl.invoke(DelegatingMethodAccessorImpl.java:43)
	at java.base/java.lang.reflect.Method.invoke(Method.java:564)
	at org.testng.internal.MethodInvocationHelper.invokeMethod(MethodInvocationHelper.java:133)
	at org.testng.internal.TestInvoker.invokeMethod(TestInvoker.java:584)
	at org.testng.internal.TestInvoker.invokeTestMethod(TestInvoker.java:172)
	at org.testng.internal.MethodRunner.runInSequence(MethodRunner.java:46)
	at org.testng.internal.TestInvoker$MethodInvocationAgent.invoke(TestInvoker.java:804)
	at org.testng.internal.TestInvoker.invokeTestMethods(TestInvoker.java:145)
	at org.testng.internal.TestMethodWorker.invokeTestMethods(TestMethodWorker.java:146)
	at org.testng.internal.TestMethodWorker.run(TestMethodWorker.java:128)
	at java.base/java.util.ArrayList.forEach(ArrayList.java:1378)
	at org.testng.TestRunner.privateRun(TestRunner.java:770)
	at org.testng.TestRunner.run(TestRunner.java:591)
	at org.testng.SuiteRunner.runTest(SuiteRunner.java:402)
	at org.testng.SuiteRunner.runSequentially(SuiteRunner.java:396)
	at org.testng.SuiteRunner.privateRun(SuiteRunner.java:355)
	at org.testng.SuiteRunner.run(SuiteRunner.java:304)
	at org.testng.SuiteRunnerWorker.runSuite(SuiteRunnerWorker.java:53)
	at org.testng.SuiteRunnerWorker.run(SuiteRunnerWorker.java:96)
	at org.testng.TestNG.runSuitesSequentially(TestNG.java:1180)
	at org.testng.TestNG.runSuitesLocally(TestNG.java:1102)
	at org.testng.TestNG.runSuites(TestNG.java:1032)
	at org.testng.TestNG.run(TestNG.java:1000)
	at org.testng.remote.AbstractRemoteTestNG.run(AbstractRemoteTestNG.java:115)
	at org.testng.remote.RemoteTestNG.initAndRun(RemoteTestNG.java:251)
	at org.testng.remote.RemoteTestNG.main(RemoteTestNG.java:77)
</pre></div></td>
<td>0</td>
<td>TestSimpleSet_8@2f465398</td></tr>
<tr>
<td title='TestSimpleSet_9.testRemove_invalidElement()'><b>testRemove_invalidElement</b><br>Test class: TestSimpleSet_9</td>
<td><div><pre>java.util.NoSuchElementException: ArraySet
	at ArraySet.remove(ArraySet.java:82)
	at SetTestCase.remove(SetTestCase.java:37)
	at TestSimpleSet_9.testRemove_invalidElement(TestSimpleSet_9.java:130)
	at java.base/java.util.ArrayList.forEach(ArrayList.java:1378)
... Removed 27 stack frames</pre></div><a href='#' onClick='toggleBox("stack-trace485937598", this, "Click to show all stack frames", "Click to hide stack frames")'>Click to show all stack frames</a>
<div class='stack-trace' id='stack-trace485937598'><pre>java.util.NoSuchElementException: ArraySet
	at ArraySet.remove(ArraySet.java:82)
	at SetTestCase.remove(SetTestCase.java:37)
	at TestSimpleSet_9.testRemove_invalidElement(TestSimpleSet_9.java:130)
	at java.base/jdk.internal.reflect.NativeMethodAccessorImpl.invoke0(Native Method)
	at java.base/jdk.internal.reflect.NativeMethodAccessorImpl.invoke(NativeMethodAccessorImpl.java:62)
	at java.base/jdk.internal.reflect.DelegatingMethodAccessorImpl.invoke(DelegatingMethodAccessorImpl.java:43)
	at java.base/java.lang.reflect.Method.invoke(Method.java:564)
	at org.testng.internal.MethodInvocationHelper.invokeMethod(MethodInvocationHelper.java:133)
	at org.testng.internal.TestInvoker.invokeMethod(TestInvoker.java:584)
	at org.testng.internal.TestInvoker.invokeTestMethod(TestInvoker.java:172)
	at org.testng.internal.MethodRunner.runInSequence(MethodRunner.java:46)
	at org.testng.internal.TestInvoker$MethodInvocationAgent.invoke(TestInvoker.java:804)
	at org.testng.internal.TestInvoker.invokeTestMethods(TestInvoker.java:145)
	at org.testng.internal.TestMethodWorker.invokeTestMethods(TestMethodWorker.java:146)
	at org.testng.internal.TestMethodWorker.run(TestMethodWorker.java:128)
	at java.base/java.util.ArrayList.forEach(ArrayList.java:1378)
	at org.testng.TestRunner.privateRun(TestRunner.java:770)
	at org.testng.TestRunner.run(TestRunner.java:591)
	at org.testng.SuiteRunner.runTest(SuiteRunner.java:402)
	at org.testng.SuiteRunner.runSequentially(SuiteRunner.java:396)
	at org.testng.SuiteRunner.privateRun(SuiteRunner.java:355)
	at org.testng.SuiteRunner.run(SuiteRunner.java:304)
	at org.testng.SuiteRunnerWorker.runSuite(SuiteRunnerWorker.java:53)
	at org.testng.SuiteRunnerWorker.run(SuiteRunnerWorker.java:96)
	at org.testng.TestNG.runSuitesSequentially(TestNG.java:1180)
	at org.testng.TestNG.runSuitesLocally(TestNG.java:1102)
	at org.testng.TestNG.runSuites(TestNG.java:1032)
	at org.testng.TestNG.run(TestNG.java:1000)
	at org.testng.remote.AbstractRemoteTestNG.run(AbstractRemoteTestNG.java:115)
	at org.testng.remote.RemoteTestNG.initAndRun(RemoteTestNG.java:251)
	at org.testng.remote.RemoteTestNG.main(RemoteTestNG.java:77)
</pre></div></td>
<td>0</td>
<td>TestSimpleSet_9@548e6d58</td></tr>
<tr>
<td title='TestSimpleSet_10.testRemove_invalidElement()'><b>testRemove_invalidElement</b><br>Test class: TestSimpleSet_10</td>
<td><div><pre>java.util.NoSuchElementException: ArraySet
	at ArraySet.remove(ArraySet.java:82)
	at SetTestCase.remove(SetTestCase.java:37)
	at TestSimpleSet_10.testRemove_invalidElement(TestSimpleSet_10.java:130)
	at java.base/java.util.ArrayList.forEach(ArrayList.java:1378)
... Removed 27 stack frames</pre></div><a href='#' onClick='toggleBox("stack-trace20224131", this, "Click to show all stack frames", "Click to hide stack frames")'>Click to show all stack frames</a>
<div class='stack-trace' id='stack-trace20224131'><pre>java.util.NoSuchElementException: ArraySet
	at ArraySet.remove(ArraySet.java:82)
	at SetTestCase.remove(SetTestCase.java:37)
	at TestSimpleSet_10.testRemove_invalidElement(TestSimpleSet_10.java:130)
	at java.base/jdk.internal.reflect.NativeMethodAccessorImpl.invoke0(Native Method)
	at java.base/jdk.internal.reflect.NativeMethodAccessorImpl.invoke(NativeMethodAccessorImpl.java:62)
	at java.base/jdk.internal.reflect.DelegatingMethodAccessorImpl.invoke(DelegatingMethodAccessorImpl.java:43)
	at java.base/java.lang.reflect.Method.invoke(Method.java:564)
	at org.testng.internal.MethodInvocationHelper.invokeMethod(MethodInvocationHelper.java:133)
	at org.testng.internal.TestInvoker.invokeMethod(TestInvoker.java:584)
	at org.testng.internal.TestInvoker.invokeTestMethod(TestInvoker.java:172)
	at org.testng.internal.MethodRunner.runInSequence(MethodRunner.java:46)
	at org.testng.internal.TestInvoker$MethodInvocationAgent.invoke(TestInvoker.java:804)
	at org.testng.internal.TestInvoker.invokeTestMethods(TestInvoker.java:145)
	at org.testng.internal.TestMethodWorker.invokeTestMethods(TestMethodWorker.java:146)
	at org.testng.internal.TestMethodWorker.run(TestMethodWorker.java:128)
	at java.base/java.util.ArrayList.forEach(ArrayList.java:1378)
	at org.testng.TestRunner.privateRun(TestRunner.java:770)
	at org.testng.TestRunner.run(TestRunner.java:591)
	at org.testng.SuiteRunner.runTest(SuiteRunner.java:402)
	at org.testng.SuiteRunner.runSequentially(SuiteRunner.java:396)
	at org.testng.SuiteRunner.privateRun(SuiteRunner.java:355)
	at org.testng.SuiteRunner.run(SuiteRunner.java:304)
	at org.testng.SuiteRunnerWorker.runSuite(SuiteRunnerWorker.java:53)
	at org.testng.SuiteRunnerWorker.run(SuiteRunnerWorker.java:96)
	at org.testng.TestNG.runSuitesSequentially(TestNG.java:1180)
	at org.testng.TestNG.runSuitesLocally(TestNG.java:1102)
	at org.testng.TestNG.runSuites(TestNG.java:1032)
	at org.testng.TestNG.run(TestNG.java:1000)
	at org.testng.remote.AbstractRemoteTestNG.run(AbstractRemoteTestNG.java:115)
	at org.testng.remote.RemoteTestNG.initAndRun(RemoteTestNG.java:251)
	at org.testng.remote.RemoteTestNG.main(RemoteTestNG.java:77)
</pre></div></td>
<td>0</td>
<td>TestSimpleSet_10@623a8092</td></tr>
<tr>
<td title='TestSimpleSet_11.testRemove_invalidElement()'><b>testRemove_invalidElement</b><br>Test class: TestSimpleSet_11</td>
<td><div><pre>java.util.NoSuchElementException: ArraySet
	at ArraySet.remove(ArraySet.java:82)
	at SetTestCase.remove(SetTestCase.java:37)
	at TestSimpleSet_11.testRemove_invalidElement(TestSimpleSet_11.java:131)
	at java.base/java.util.ArrayList.forEach(ArrayList.java:1378)
... Removed 27 stack frames</pre></div><a href='#' onClick='toggleBox("stack-trace1823409783", this, "Click to show all stack frames", "Click to hide stack frames")'>Click to show all stack frames</a>
<div class='stack-trace' id='stack-trace1823409783'><pre>java.util.NoSuchElementException: ArraySet
	at ArraySet.remove(ArraySet.java:82)
	at SetTestCase.remove(SetTestCase.java:37)
	at TestSimpleSet_11.testRemove_invalidElement(TestSimpleSet_11.java:131)
	at java.base/jdk.internal.reflect.NativeMethodAccessorImpl.invoke0(Native Method)
	at java.base/jdk.internal.reflect.NativeMethodAccessorImpl.invoke(NativeMethodAccessorImpl.java:62)
	at java.base/jdk.internal.reflect.DelegatingMethodAccessorImpl.invoke(DelegatingMethodAccessorImpl.java:43)
	at java.base/java.lang.reflect.Method.invoke(Method.java:564)
	at org.testng.internal.MethodInvocationHelper.invokeMethod(MethodInvocationHelper.java:133)
	at org.testng.internal.TestInvoker.invokeMethod(TestInvoker.java:584)
	at org.testng.internal.TestInvoker.invokeTestMethod(TestInvoker.java:172)
	at org.testng.internal.MethodRunner.runInSequence(MethodRunner.java:46)
	at org.testng.internal.TestInvoker$MethodInvocationAgent.invoke(TestInvoker.java:804)
	at org.testng.internal.TestInvoker.invokeTestMethods(TestInvoker.java:145)
	at org.testng.internal.TestMethodWorker.invokeTestMethods(TestMethodWorker.java:146)
	at org.testng.internal.TestMethodWorker.run(TestMethodWorker.java:128)
	at java.base/java.util.ArrayList.forEach(ArrayList.java:1378)
	at org.testng.TestRunner.privateRun(TestRunner.java:770)
	at org.testng.TestRunner.run(TestRunner.java:591)
	at org.testng.SuiteRunner.runTest(SuiteRunner.java:402)
	at org.testng.SuiteRunner.runSequentially(SuiteRunner.java:396)
	at org.testng.SuiteRunner.privateRun(SuiteRunner.java:355)
	at org.testng.SuiteRunner.run(SuiteRunner.java:304)
	at org.testng.SuiteRunnerWorker.runSuite(SuiteRunnerWorker.java:53)
	at org.testng.SuiteRunnerWorker.run(SuiteRunnerWorker.java:96)
	at org.testng.TestNG.runSuitesSequentially(TestNG.java:1180)
	at org.testng.TestNG.runSuitesLocally(TestNG.java:1102)
	at org.testng.TestNG.runSuites(TestNG.java:1032)
	at org.testng.TestNG.run(TestNG.java:1000)
	at org.testng.remote.AbstractRemoteTestNG.run(AbstractRemoteTestNG.java:115)
	at org.testng.remote.RemoteTestNG.initAndRun(RemoteTestNG.java:251)
	at org.testng.remote.RemoteTestNG.main(RemoteTestNG.java:77)
</pre></div></td>
<td>0</td>
<td>TestSimpleSet_11@a1cdc6d</td></tr>
<tr>
<td title='TestSimpleSet_3.testRemove_validElements()'><b>testRemove_validElements</b><br>Test class: TestSimpleSet_3<br>Parameters: A</td>
<td></td>
<td>0</td>
<td>TestSimpleSet_3@68267da0</td></tr>
<tr>
<td title='TestSimpleSet_3.testRemove_validElements()'><b>testRemove_validElements</b><br>Test class: TestSimpleSet_3<br>Parameters: B</td>
<td></td>
<td>0</td>
<td>TestSimpleSet_3@68267da0</td></tr>
<tr>
<td title='TestSimpleSet_8.testRemove_validElements()'><b>testRemove_validElements</b><br>Test class: TestSimpleSet_8<br>Parameters: A</td>
<td></td>
<td>0</td>
<td>TestSimpleSet_8@2f465398</td></tr>
<tr>
<td title='TestSimpleSet_8.testRemove_validElements()'><b>testRemove_validElements</b><br>Test class: TestSimpleSet_8<br>Parameters: B</td>
<td></td>
<td>0</td>
<td>TestSimpleSet_8@2f465398</td></tr>
<tr>
<td title='TestSimpleSet_8.testRemove_validElements()'><b>testRemove_validElements</b><br>Test class: TestSimpleSet_8<br>Parameters: C</td>
<td></td>
<td>0</td>
<td>TestSimpleSet_8@2f465398</td></tr>
<tr>
<td title='TestSimpleSet_9.testRemove_validElements()'><b>testRemove_validElements</b><br>Test class: TestSimpleSet_9<br>Parameters: B</td>
<td></td>
<td>0</td>
<td>TestSimpleSet_9@548e6d58</td></tr>
<tr>
<td title='TestSimpleSet_9.testRemove_validElements()'><b>testRemove_validElements</b><br>Test class: TestSimpleSet_9<br>Parameters: C</td>
<td></td>
<td>0</td>
<td>TestSimpleSet_9@548e6d58</td></tr>
<tr>
<td title='TestSimpleSet_10.testRemove_validElements()'><b>testRemove_validElements</b><br>Test class: TestSimpleSet_10<br>Parameters: A</td>
<td></td>
<td>0</td>
<td>TestSimpleSet_10@623a8092</td></tr>
<tr>
<td title='TestSimpleSet_10.testRemove_validElements()'><b>testRemove_validElements</b><br>Test class: TestSimpleSet_10<br>Parameters: C</td>
<td></td>
<td>0</td>
<td>TestSimpleSet_10@623a8092</td></tr>
<tr>
<td title='TestSimpleSet_11.testRemove_validElements()'><b>testRemove_validElements</b><br>Test class: TestSimpleSet_11<br>Parameters: A</td>
<td></td>
<td>0</td>
<td>TestSimpleSet_11@a1cdc6d</td></tr>
<tr>
<td title='TestSimpleSet_11.testRemove_validElements()'><b>testRemove_validElements</b><br>Test class: TestSimpleSet_11<br>Parameters: B</td>
<td></td>
<td>0</td>
<td>TestSimpleSet_11@a1cdc6d</td></tr>
<tr>
<td title='TestSimpleSet_1.testSize()'><b>testSize</b><br>Test class: TestSimpleSet_1</td>
<td></td>
<td>0</td>
<td>TestSimpleSet_1@2898ac89</td></tr>
<tr>
<td title='TestSimpleSet_2.testSize()'><b>testSize</b><br>Test class: TestSimpleSet_2</td>
<td></td>
<td>0</td>
<td>TestSimpleSet_2@683dbc2c</td></tr>
<tr>
<td title='TestSimpleSet_3.testSize()'><b>testSize</b><br>Test class: TestSimpleSet_3</td>
<td></td>
<td>0</td>
<td>TestSimpleSet_3@68267da0</td></tr>
<tr>
<td title='TestSimpleSet_4.testSize()'><b>testSize</b><br>Test class: TestSimpleSet_4</td>
<td></td>
<td>0</td>
<td>TestSimpleSet_4@2638011</td></tr>
<tr>
<td title='TestSimpleSet_5.testSize()'><b>testSize</b><br>Test class: TestSimpleSet_5</td>
<td></td>
<td>0</td>
<td>TestSimpleSet_5@6ff29830</td></tr>
<tr>
<td title='TestSimpleSet_6.testSize()'><b>testSize</b><br>Test class: TestSimpleSet_6</td>
<td></td>
<td>0</td>
<td>TestSimpleSet_6@6a2b953e</td></tr>
<tr>
<td title='TestSimpleSet_7.testSize()'><b>testSize</b><br>Test class: TestSimpleSet_7</td>
<td></td>
<td>0</td>
<td>TestSimpleSet_7@313b2ea6</td></tr>
<tr>
<td title='TestSimpleSet_8.testSize()'><b>testSize</b><br>Test class: TestSimpleSet_8</td>
<td></td>
<td>0</td>
<td>TestSimpleSet_8@2f465398</td></tr>
<tr>
<td title='TestSimpleSet_9.testSize()'><b>testSize</b><br>Test class: TestSimpleSet_9</td>
<td></td>
<td>0</td>
<td>TestSimpleSet_9@548e6d58</td></tr>
<tr>
<td title='TestSimpleSet_10.testSize()'><b>testSize</b><br>Test class: TestSimpleSet_10</td>
<td></td>
<td>0</td>
<td>TestSimpleSet_10@623a8092</td></tr>
<tr>
<td title='TestSimpleSet_11.testSize()'><b>testSize</b><br>Test class: TestSimpleSet_11</td>
<td></td>
<td>0</td>
<td>TestSimpleSet_11@a1cdc6d</td></tr>
<tr>
<td title='TestSimpleSet_1.testToString()'><b>testToString</b><br>Test class: TestSimpleSet_1</td>
<td></td>
<td>0</td>
<td>TestSimpleSet_1@2898ac89</td></tr>
<tr>
<td title='TestSimpleSet_2.testToString()'><b>testToString</b><br>Test class: TestSimpleSet_2</td>
<td></td>
<td>0</td>
<td>TestSimpleSet_2@683dbc2c</td></tr>
<tr>
<td title='TestSimpleSet_3.testToString()'><b>testToString</b><br>Test class: TestSimpleSet_3</td>
<td></td>
<td>0</td>
<td>TestSimpleSet_3@68267da0</td></tr>
<tr>
<td title='TestSimpleSet_4.testToString()'><b>testToString</b><br>Test class: TestSimpleSet_4</td>
<td></td>
<td>0</td>
<td>TestSimpleSet_4@2638011</td></tr>
<tr>
<td title='TestSimpleSet_5.testToString()'><b>testToString</b><br>Test class: TestSimpleSet_5</td>
<td></td>
<td>0</td>
<td>TestSimpleSet_5@6ff29830</td></tr>
<tr>
<td title='TestSimpleSet_6.testToString()'><b>testToString</b><br>Test class: TestSimpleSet_6</td>
<td></td>
<td>0</td>
<td>TestSimpleSet_6@6a2b953e</td></tr>
<tr>
<td title='TestSimpleSet_7.testToString()'><b>testToString</b><br>Test class: TestSimpleSet_7</td>
<td></td>
<td>0</td>
<td>TestSimpleSet_7@313b2ea6</td></tr>
<tr>
<td title='TestSimpleSet_8.testToString()'><b>testToString</b><br>Test class: TestSimpleSet_8</td>
<td></td>
<td>0</td>
<td>TestSimpleSet_8@2f465398</td></tr>
<tr>
<td title='TestSimpleSet_9.testToString()'><b>testToString</b><br>Test class: TestSimpleSet_9</td>
<td></td>
<td>0</td>
<td>TestSimpleSet_9@548e6d58</td></tr>
<tr>
<td title='TestSimpleSet_10.testToString()'><b>testToString</b><br>Test class: TestSimpleSet_10</td>
<td></td>
<td>0</td>
<td>TestSimpleSet_10@623a8092</td></tr>
<tr>
<td title='TestSimpleSet_11.testToString()'><b>testToString</b><br>Test class: TestSimpleSet_11</td>
<td></td>
<td>0</td>
<td>TestSimpleSet_11@a1cdc6d</td></tr>
</table><p>
</body>
</html>